#! /c/Source/iverilog-install/bin/vvp
:ivl_version "12.0 (devel)" "(s20150603-1539-g2693dd32b)";
:ivl_delay_selection "TYPICAL";
:vpi_time_precision - 12;
:vpi_module "C:\iverilog\lib\ivl\system.vpi";
:vpi_module "C:\iverilog\lib\ivl\vhdl_sys.vpi";
:vpi_module "C:\iverilog\lib\ivl\vhdl_textio.vpi";
:vpi_module "C:\iverilog\lib\ivl\v2005_math.vpi";
:vpi_module "C:\iverilog\lib\ivl\va_math.vpi";
S_000001643636abc0 .scope module, "tb_bcd_counter" "tb_bcd_counter" 2 24;
 .timescale -9 -12;
v00000164363ca6c0_0 .var "clk", 0 0;
v00000164363cbb30_0 .net "ena", 3 1, L_00000164363cc3f0;  1 drivers
v00000164363cb4f0_0 .net "q", 15 0, v00000164363ca580_0;  1 drivers
v00000164363cb1d0_0 .var "reset", 0 0;
S_0000016436379160 .scope module, "uut" "top_module" 2 32, 3 23 0, S_000001643636abc0;
 .timescale -9 -12;
    .port_info 0 /INPUT 1 "clk";
    .port_info 1 /INPUT 1 "reset";
    .port_info 2 /OUTPUT 3 "ena";
    .port_info 3 /OUTPUT 16 "q";
L_000001643637c310 .functor AND 1, L_00000164363cc210, L_00000164363cb8b0, C4<1>, C4<1>;
L_000001643637c000 .functor AND 1, L_00000164363cb270, L_00000164363cc990, C4<1>, C4<1>;
L_000001643637beb0 .functor AND 1, L_000001643637c000, L_00000164363cbbd0, C4<1>, C4<1>;
v0000016436486d20_0 .net *"_ivl_11", 3 0, L_00000164363cc030;  1 drivers
L_00000164363ccce0 .functor BUFT 1, C4<1001>, C4<0>, C4<0>, C4<0>;
v00000164363ca120_0 .net/2u *"_ivl_12", 3 0, L_00000164363ccce0;  1 drivers
v00000164363c9d60_0 .net *"_ivl_14", 0 0, L_00000164363cc210;  1 drivers
v00000164363ca1c0_0 .net *"_ivl_17", 3 0, L_00000164363cb770;  1 drivers
L_00000164363ccd28 .functor BUFT 1, C4<1001>, C4<0>, C4<0>, C4<0>;
v00000164363cab20_0 .net/2u *"_ivl_18", 3 0, L_00000164363ccd28;  1 drivers
v00000164363c9fe0_0 .net *"_ivl_20", 0 0, L_00000164363cb8b0;  1 drivers
v00000164363ca760_0 .net *"_ivl_23", 0 0, L_000001643637c310;  1 drivers
v00000164363ca260_0 .net *"_ivl_28", 3 0, L_00000164363cc350;  1 drivers
L_00000164363ccd70 .functor BUFT 1, C4<1001>, C4<0>, C4<0>, C4<0>;
v00000164363c9cc0_0 .net/2u *"_ivl_29", 3 0, L_00000164363ccd70;  1 drivers
v00000164363ca800_0 .net *"_ivl_3", 3 0, L_00000164363cc5d0;  1 drivers
v00000164363cabc0_0 .net *"_ivl_31", 0 0, L_00000164363cb270;  1 drivers
v00000164363c9e00_0 .net *"_ivl_34", 3 0, L_00000164363cc2b0;  1 drivers
L_00000164363ccdb8 .functor BUFT 1, C4<1001>, C4<0>, C4<0>, C4<0>;
v00000164363c9f40_0 .net/2u *"_ivl_35", 3 0, L_00000164363ccdb8;  1 drivers
v00000164363ca8a0_0 .net *"_ivl_37", 0 0, L_00000164363cc990;  1 drivers
L_00000164363ccc98 .functor BUFT 1, C4<1001>, C4<0>, C4<0>, C4<0>;
v00000164363c9ea0_0 .net/2u *"_ivl_4", 3 0, L_00000164363ccc98;  1 drivers
v00000164363ca080_0 .net *"_ivl_40", 0 0, L_000001643637c000;  1 drivers
v00000164363ca940_0 .net *"_ivl_42", 3 0, L_00000164363cca30;  1 drivers
L_00000164363cce00 .functor BUFT 1, C4<1001>, C4<0>, C4<0>, C4<0>;
v00000164363ca300_0 .net/2u *"_ivl_43", 3 0, L_00000164363cce00;  1 drivers
v00000164363ca9e0_0 .net *"_ivl_45", 0 0, L_00000164363cbbd0;  1 drivers
v00000164363caa80_0 .net *"_ivl_48", 0 0, L_000001643637beb0;  1 drivers
v00000164363ca3a0_0 .net *"_ivl_6", 0 0, L_00000164363cbd10;  1 drivers
v00000164363ca440_0 .net "clk", 0 0, v00000164363ca6c0_0;  1 drivers
v00000164363ca4e0_0 .net "ena", 3 1, L_00000164363cc3f0;  alias, 1 drivers
v00000164363ca580_0 .var "q", 15 0;
v00000164363ca620_0 .net "reset", 0 0, v00000164363cb1d0_0;  1 drivers
E_000001643637d510 .event posedge, v00000164363ca440_0;
L_00000164363cc5d0 .part v00000164363ca580_0, 0, 4;
L_00000164363cbd10 .cmp/eq 4, L_00000164363cc5d0, L_00000164363ccc98;
L_00000164363cc030 .part v00000164363ca580_0, 0, 4;
L_00000164363cc210 .cmp/eq 4, L_00000164363cc030, L_00000164363ccce0;
L_00000164363cb770 .part v00000164363ca580_0, 4, 4;
L_00000164363cb8b0 .cmp/eq 4, L_00000164363cb770, L_00000164363ccd28;
L_00000164363cc3f0 .concat8 [ 1 1 1 0], L_00000164363cbd10, L_000001643637c310, L_000001643637beb0;
L_00000164363cc350 .part v00000164363ca580_0, 0, 4;
L_00000164363cb270 .cmp/eq 4, L_00000164363cc350, L_00000164363ccd70;
L_00000164363cc2b0 .part v00000164363ca580_0, 4, 4;
L_00000164363cc990 .cmp/eq 4, L_00000164363cc2b0, L_00000164363ccdb8;
L_00000164363cca30 .part v00000164363ca580_0, 8, 4;
L_00000164363cbbd0 .cmp/eq 4, L_00000164363cca30, L_00000164363cce00;
    .scope S_0000016436379160;
T_0 ;
    %wait E_000001643637d510;
    %load/vec4 v00000164363ca620_0;
    %flag_set/vec4 8;
    %jmp/0xz  T_0.0, 8;
    %pushi/vec4 0, 0, 16;
    %assign/vec4 v00000164363ca580_0, 0;
    %jmp T_0.1;
T_0.0 ;
    %load/vec4 v00000164363ca580_0;
    %parti/s 4, 0, 2;
    %cmpi/e 9, 0, 4;
    %jmp/0xz  T_0.2, 4;
    %pushi/vec4 0, 0, 4;
    %ix/load 4, 0, 0;
    %ix/load 5, 0, 0;
    %flag_set/imm 4, 0;
    %assign/vec4/off/d v00000164363ca580_0, 4, 5;
    %jmp T_0.3;
T_0.2 ;
    %load/vec4 v00000164363ca580_0;
    %parti/s 4, 0, 2;
    %addi 1, 0, 4;
    %ix/load 4, 0, 0;
    %ix/load 5, 0, 0;
    %flag_set/imm 4, 0;
    %assign/vec4/off/d v00000164363ca580_0, 4, 5;
T_0.3 ;
    %load/vec4 v00000164363ca4e0_0;
    %parti/s 1, 0, 2;
    %flag_set/vec4 8;
    %jmp/0xz  T_0.4, 8;
    %load/vec4 v00000164363ca580_0;
    %parti/s 4, 4, 4;
    %cmpi/e 9, 0, 4;
    %jmp/0xz  T_0.6, 4;
    %pushi/vec4 0, 0, 4;
    %ix/load 4, 4, 0;
    %ix/load 5, 0, 0;
    %flag_set/imm 4, 0;
    %assign/vec4/off/d v00000164363ca580_0, 4, 5;
    %jmp T_0.7;
T_0.6 ;
    %load/vec4 v00000164363ca580_0;
    %parti/s 4, 4, 4;
    %addi 1, 0, 4;
    %ix/load 4, 4, 0;
    %ix/load 5, 0, 0;
    %flag_set/imm 4, 0;
    %assign/vec4/off/d v00000164363ca580_0, 4, 5;
T_0.7 ;
T_0.4 ;
    %load/vec4 v00000164363ca4e0_0;
    %parti/s 1, 1, 2;
    %flag_set/vec4 8;
    %jmp/0xz  T_0.8, 8;
    %load/vec4 v00000164363ca580_0;
    %parti/s 4, 8, 5;
    %cmpi/e 9, 0, 4;
    %jmp/0xz  T_0.10, 4;
    %pushi/vec4 0, 0, 4;
    %ix/load 4, 8, 0;
    %ix/load 5, 0, 0;
    %flag_set/imm 4, 0;
    %assign/vec4/off/d v00000164363ca580_0, 4, 5;
    %jmp T_0.11;
T_0.10 ;
    %load/vec4 v00000164363ca580_0;
    %parti/s 4, 8, 5;
    %addi 1, 0, 4;
    %ix/load 4, 8, 0;
    %ix/load 5, 0, 0;
    %flag_set/imm 4, 0;
    %assign/vec4/off/d v00000164363ca580_0, 4, 5;
T_0.11 ;
T_0.8 ;
    %load/vec4 v00000164363ca4e0_0;
    %parti/s 1, 2, 3;
    %flag_set/vec4 8;
    %jmp/0xz  T_0.12, 8;
    %load/vec4 v00000164363ca580_0;
    %parti/s 4, 12, 5;
    %cmpi/e 9, 0, 4;
    %jmp/0xz  T_0.14, 4;
    %pushi/vec4 0, 0, 4;
    %ix/load 4, 12, 0;
    %ix/load 5, 0, 0;
    %flag_set/imm 4, 0;
    %assign/vec4/off/d v00000164363ca580_0, 4, 5;
    %jmp T_0.15;
T_0.14 ;
    %load/vec4 v00000164363ca580_0;
    %parti/s 4, 12, 5;
    %addi 1, 0, 4;
    %ix/load 4, 12, 0;
    %ix/load 5, 0, 0;
    %flag_set/imm 4, 0;
    %assign/vec4/off/d v00000164363ca580_0, 4, 5;
T_0.15 ;
T_0.12 ;
T_0.1 ;
    %jmp T_0;
    .thread T_0;
    .scope S_000001643636abc0;
T_1 ;
    %delay 5000, 0;
    %load/vec4 v00000164363ca6c0_0;
    %inv;
    %store/vec4 v00000164363ca6c0_0, 0, 1;
    %jmp T_1;
    .thread T_1;
    .scope S_000001643636abc0;
T_2 ;
    %pushi/vec4 0, 0, 1;
    %store/vec4 v00000164363ca6c0_0, 0, 1;
    %pushi/vec4 1, 0, 1;
    %store/vec4 v00000164363cb1d0_0, 0, 1;
    %delay 10000, 0;
    %pushi/vec4 0, 0, 1;
    %store/vec4 v00000164363cb1d0_0, 0, 1;
    %delay 500000, 0;
    %vpi_call 2 53 "$finish" {0 0 0};
    %end;
    .thread T_2;
    .scope S_000001643636abc0;
T_3 ;
    %vpi_call 2 58 "$monitor", "time=%0t reset=%b q=%d%d%d%d ena=%b", $time, v00000164363cb1d0_0, &PV<v00000164363cb4f0_0, 12, 4>, &PV<v00000164363cb4f0_0, 8, 4>, &PV<v00000164363cb4f0_0, 4, 4>, &PV<v00000164363cb4f0_0, 0, 4>, v00000164363cbb30_0 {0 0 0};
    %end;
    .thread T_3;
    .scope S_000001643636abc0;
T_4 ;
    %vpi_call 2 64 "$dumpfile", "wave.vcd" {0 0 0};
    %vpi_call 2 65 "$dumpvars", 32'sb00000000000000000000000000000000, S_000001643636abc0 {0 0 0};
    %end;
    .thread T_4;
# The file index is used to find the file name in the following table.
:file_names 4;
    "N/A";
    "<interactive>";
    "tb_bcd_counter.v";
    "BCD_counter_4.v";
